MPASM  5.51                          NOSE.ASM   10-5-2013  19:54:45         PAGE  1


LOC  OBJECT CODE     LINE SOURCE TEXT
  VALUE

                      00001 ;*****************************************************************************************
                      00002 ;*Centro de Investigación en Computación                                                                
                                                            *
                      00003 ;*Maestría en Ciencia de la Computación                                                                 
                                                    *
                      00004 ;*Sistemas de Computo. Proyecto 1. Automatización de un Invernadero con un PIC16F887    *
                      00005 ;*ISC. Ana Bertha Cruz Martínez                                                                         
                                                            *
                      00006 ;*****************************************************************************************
                      00007 
                      00008 ;************************************Inicio***********************************************
                      00009                         PROCESSOR       16F887
                      00010                         INCLUDE         P16F887.INC
                      00001         LIST
                      00002 
                      00003 ;==========================================================================
                      00004 ;  MPASM PIC16F887 processor include
                      00005 ; 
                      00006 ;  (c) Copyright 1999-2013 Microchip Technology, All rights reserved
                      00007 ;==========================================================================
                      00008 
                      00809         LIST
                      00011                 ;       __CONFIG _CONFIG1, _LVP_OFF & _FCMEN_ON & _IESO_OFF & _BOR_OFF & _CPD_OFF & _CP_
                            OFF & _MCLRE_OFF & _PWRTE_ON & _WDT_OFF & _INTRC_OSC_NOCLKOUT
                      00012                 ;       __CONFIG _CONFIG2, _WRT_OFF & _BOR21V
                      00013 ;************************Registros**********************************************************
                      00014 
  00000070            00015 DATO            EQU                     070
  00000071            00016 DA_A            EQU                     071
  00000072            00017 DA_B            EQU                     072
                      00018 ;XORR para la comparación en caso de haber acumulador un minuto
  00000078            00019 cont_m          equ                             078 ;Contador de minutos
  00000079            00020 count           equ                             079 ;Contador de interrupciones del timer 1
  0000007A            00021 COM             EQU                     07A
  00000073            00022 X                       EQU                     073
  0000007E            00023 RES_W           EQU                     07E
  0000007F            00024 RES_S           EQU                     07F
                      00025 
0000                  00026                         ORG                     0
0000   2805           00027                         GOTO            INICIO
0004                  00028                         ORG                     4
0004   2844           00029                         GOTO            MENU_INT
                      00030 
                      00031 ;*************************************Inicialización de Perifericos*************************
0005                  00032 INICIO
0005   01F9           00033                         CLRF            count ; inicializo el contador
0006   01F8           00034                         CLRF            cont_m ; inicializo el contador
                      00035 
                      00036 ;*************************************Puertos********************************************
0007   1683 1303      00037                         BANKSEL         TRISD ;CAMBIO A BANCO 1
Message[302]: Register in operand not in bank 0.  Ensure that bank bits are correct.
0009   0188           00038                         CLRF            TRISD ;CONFIGURO TODO PORTD COMO SALIDA
Message[302]: Register in operand not in bank 0.  Ensure that bank bits are correct.
MPASM  5.51                          NOSE.ASM   10-5-2013  19:54:45         PAGE  2


LOC  OBJECT CODE     LINE SOURCE TEXT
  VALUE

000A   0186           00039                         CLRF            TRISB ;CONFIGURO TODO PORTB COMO SALIDA
000B   1283 1303      00040                         BANKSEL         PORTD
000D   0188           00041                         CLRF             PORTD ;APAGO POSIBLES LATCHS EN PORTD
000E   0186           00042                         CLRF             PORTB;APAGO POSIBLES LATCHS EN PORTD
000F   1006           00043                         BCF                     PORTB,0
0010   1106           00044                         BCF                     PORTB,2
                      00045 ;*************************************A/D***********************************************
0011   1683 1303      00046                         BANKSEL         ADCON1 ;
0013   3080           00047                         MOVLW    B'10000000' ;JUSTIFICACIÓN A LA IZQUIERDA
Message[302]: Register in operand not in bank 0.  Ensure that bank bits are correct.
0014   009F           00048                         MOVWF   ADCON1 ;Vdd Y Vss COMO Vref
0015   1683 1303      00049                         BANKSEL  TRISA ;
Message[302]: Register in operand not in bank 0.  Ensure that bank bits are correct.
0017   1405           00050                         BSF             TRISA,0 ;PONEMOS A RA0 COMO ENTRADA
0018   1683 1703      00051                         BANKSEL         ANSEL ;
Message[302]: Register in operand not in bank 0.  Ensure that bank bits are correct.
001A   1408           00052                         BSF             ANSEL,0 ;PONEMOS A RA0 COMO ANALOGICO
001B   1283 1303      00053                         BANKSEL         ADCON0 ;
001D   30C1           00054                         MOVLW   B'11000001' ;ELEGIMOS EL RELOJ Frc DEL ADC
001E   009F           00055                         MOVWF   ADCON0 ;Y ENCENDEMOS EL CONVERTIDOR
                      00056 ;*************************************Timer0********************************************
001F   1683 1303      00057                         BANKSEL         OPTION_REG
0021   30D2           00058                         MOVLW   0D2
Message[302]: Register in operand not in bank 0.  Ensure that bank bits are correct.
0022   0081           00059                         MOVWF   OPTION_REG
0023   1683 1303      00060                         BANKSEL         ADCON1
0025   300E           00061                         MOVLW   0E                              ;CONFIGURACION 1 DE CONVERTIDOR A/D
Message[302]: Register in operand not in bank 0.  Ensure that bank bits are correct.
0026   009F           00062                         MOVWF   ADCON1
0027   168B           00063                         BSF                     INTCON,T0IE
0028   168B           00064                         BSF                     INTCON,TMR0IE
0029   178B           00065                         BSF                     INTCON,GIE
002A   1283 1303      00066                         BANKSEL         TMR0
002C   30FA           00067                         MOVLW   0FA
002D   0081           00068                         MOVWF   TMR0
                      00069 ;*************************************Timer1********************************************
002E   1283 1303      00070                         BANKSEL         T1CON
0030   0190           00071                         CLRF            T1CON
0031   1410           00072                         BSF                     T1CON,TMR1ON ; Apago timer1
0032   1690           00073                         BSF             T1CON,T1CKPS1 ;seleccionado el preescalador 
0033   1610           00074                         BSF                     T1CON,T1CKPS0 ; a 8
0034   1190           00075                         BCF             T1CON,T1OSCEN ; Desablitando el ocilador externo
0035   1090           00076                         BCF             T1CON,TMR1CS ; usar Fosc/4 
0036   018E           00077                         CLRF            TMR1L ; limpio los registos de timer
0037   018F           00078                         CLRF            TMR1H ;
0038   1683 1303      00079                         BANKSEL         PIE1 ;cambio a banco 1
Message[302]: Register in operand not in bank 0.  Ensure that bank bits are correct.
003A   140C           00080                         BSF                     PIE1, TMR1IE ;enciendo el PIE
003B   1283 1303      00081                         BANKSEL         PIR1 ; Cambio a banco 1
                      00082                         ;clrf    PIR1 ; limpio PIR1
003D   170B           00083                         BSF             INTCON,PEIE
003E   1410           00084                         BSF                     T1CON,TMR1ON ; Inicio el timer
003F   100B           00085                         BCF             INTCON,TMR1IF; bajo la bandera de interrupcion
MPASM  5.51                          NOSE.ASM   10-5-2013  19:54:45         PAGE  3


LOC  OBJECT CODE     LINE SOURCE TEXT
  VALUE

0040   178B           00086                         BSF                     INTCON,GIE; subo la bandera general de interrupciones
                      00087 
                      00088 ;*************************************Ciclo NOP*****************************************
0041                  00089 CICLO
0041   0000           00090                         NOP
0042   0000           00091                         NOP
0043   2841           00092                         GOTO CICLO
                      00093 ;*************************************Menu de Interrupciones****************************
0044                  00094 MENU_INT
0044   206F           00095                         CALL            RESPALDO_1
0045   190B           00096                         BTFSC INTCON, TMR0IF
0046   204B           00097                         CALL INTE_TMR0
                      00098 
0047   180B           00099                         BTFSC INTCON, TMR1IF
0048   2055           00100                         CALL INTE_TMR1
0049   2073           00101                         CALL            RESPALDO_2
004A   0009           00102                         RETFIE
                      00103 ;*************************************Interrupcion Timer 0*******************************
004B                  00104 INTE_TMR0
                      00105                         
004B   2066           00106                         CALL            OPERA
004C   1283 1303      00107                         BANKSEL         TMR0
004E   30AA           00108                         MOVLW   0AA
004F   0081           00109                         MOVWF   TMR0
0050   130C           00110                         BCF PIR1,ADIF   
0051   110B           00111                         BCF             INTCON,T0IF
0052   168B           00112                         BSF                     INTCON,TMR0IE
0053   178B           00113                         BSF                     INTCON,GIE; subo la bandera general de interrupciones
                      00114                         
0054   0008           00115                         RETURN
                      00116 ;*************************************Interrupcion Timer 1*******************************
0055                  00117 INTE_TMR1
                      00118 
0055   100C           00119                         BCF             PIR1,0 ; Limpiar la bandera
                      00120 ;Compara hasta 229 que es un minuto en caso de tener osc de 4MHZ, o hasta 114 en caso de tener Oscilador
                             de 2Mhz
0056   0AF9           00121                         INCF            count,F ;incremento el contador
                      00122                         ;MOVLW .229
0057   3072           00123                         MOVLW   .114
0058   00F3           00124                         MOVWF   X
0059   0879           00125                         MOVF            count,W
Message[305]: Using default destination of 1 (file).
005A   06F3           00126                         XORWF   X
005B   2078           00127                         CALL            SI_     
005C   1010           00128                         BCF             T1CON,0 ; apago el timer
005D   3080           00129                         MOVLW   80h ; inicio en 80h
005E   008F           00130                         MOVWF    TMR1H
005F   018E           00131                         CLRF            TMR1L
0060   1410           00132                         BSF             T1CON,TMR1ON ; Reinicio el timer
0061   170B           00133                         BSF             INTCON,PEIE
0062   1410           00134                         BSF             T1CON,TMR1ON ; Inicio el timer
0063   100B           00135                         BCF             INTCON,TMR1IF; bajo la bandera de interrupcion
0064   178B           00136                         BSF                     INTCON,GIE; subo la bandera general de interrupciones
MPASM  5.51                          NOSE.ASM   10-5-2013  19:54:45         PAGE  4


LOC  OBJECT CODE     LINE SOURCE TEXT
  VALUE

                      00137                         ;CALL           RESPALDO_2
0065   0008           00138                         RETURN
                      00139 ;*************************************Proceso A/D***************************************
0066   149F           00140 OPERA:          BSF                     ADCON0,GO ;INICIA LA CONVERSION
0067   189F           00141                         BTFSC           ADCON0,GO ;YA SE TERMINO LA CONVERSION?
0068   2867           00142                         GOTO $-1        ;NO? PREGUNTA DE NUEVO
0069   1683 1303      00143                         BANKSEL         ADRESL ;CAMBIO A BANCO1
Message[302]: Register in operand not in bank 0.  Ensure that bank bits are correct.
006B   081E           00144                         MOVF            ADRESL,W ;LEE LA PARTE MENOS SIGNIFICATIVA
006C   00F0           00145                         MOVWF   DATO ;GUARDALO EN DATO
006D   2086           00146                         CALL            COMPARA_TEMP
                      00147                         
006E   0008           00148                         RETURN; REGRESO AL INICIO DEL PROGRAMA PRINCIPAL
                      00149 
                      00150 ;*************************************Rutinas de ayuda***********************************
                      00151 
006F                  00152 RESPALDO_1
006F   00FE           00153                          MOVWF  RES_W
0070   0E03           00154                          SWAPF  STATUS, W
0071   00FF           00155                          MOVWF  RES_S
0072   0008           00156                          RETURN
0073                  00157 RESPALDO_2
0073   0E7F           00158                         SWAPF           RES_S,W ;Swap STATUS_TEMP register into W
0074   0083           00159                         MOVWF   STATUS ;Move W into STATUS register
0075   0EFE           00160                         SWAPF           RES_W,F ;Swap W_TEMP
0076   0E7E           00161                         SWAPF           RES_W,W ;Swap W_TEMP into W
0077   0008           00162                         RETURN
                      00163 
                      00164 ;***********************IF-ELSE DEL TIMER1 PARA VERIFICAR SI SE TIENE UN MINUTO***********************
0078   1903           00165 SI_                     BTFSC           STATUS,Z
0079   287F           00166                         GOTO            SINO
007A   0878           00167                         MOVF            cont_m,W
007B   1283 1303      00168                         BANKSEL         PORTD
007D   0088           00169                         MOVWF   PORTD ; escribo en PORTD
007E   0008           00170                         RETURN
                      00171 
007F                  00172 SINO    
                      00173 
007F   0AF8           00174                         INCF            cont_m,F ;incremento el contador
0080   01F9           00175                         CLRF            count
0081   0878           00176                         MOVF            cont_m,W
0082   1283 1303      00177                         BANKSEL         PORTD
0084   0088           00178                         MOVWF   PORTD ; escribo en PORTD
0085   0008           00179                         RETURN
0086                  00180 COMPARA_TEMP
                      00181                                         
0086   304B           00182                         MOVLW .75; son 30 grados, tomando en cuenta que 250 serian 100 grados
0087   00F2           00183                         MOVWF DA_B
0088   0872           00184                         MOVF DA_B,W
0089   0270           00185                         SUBWF DATO,W
008A   1903           00186                         BTFSC   STATUS,Z
008B   2896           00187                         GOTO A_IGUAL_B
008C   1803           00188                         BTFSC STATUS,C
MPASM  5.51                          NOSE.ASM   10-5-2013  19:54:45         PAGE  5


LOC  OBJECT CODE     LINE SOURCE TEXT
  VALUE

008D   2892           00189                         GOTO A_MAYOR_B
                      00190 ;BANKSEL PORTD
008E                  00191 A_MENOR_B
008E   1283 1303      00192                         BANKSEL PORTB
0090   1006           00193                         BCF                     PORTB,0 
0091   0008           00194                         RETURN
0092                  00195 A_MAYOR_B
0092   1283 1303      00196                         BANKSEL PORTB
0094   1406           00197                         BSF                     PORTB,0
0095   0008           00198                         RETURN
0096                  00199 A_IGUAL_B
0096   1283 1303      00200                         BANKSEL PORTB
0098   1006           00201                         BCF                     PORTB,0
0099   0008           00202                         RETURN  
                      00203                         END
MPASM  5.51                          NOSE.ASM   10-5-2013  19:54:45         PAGE  6


SYMBOL TABLE
  LABEL                             VALUE 

ABDEN                             00000000
ABDOVF                            00000007
ACKDT                             00000005
ACKEN                             00000004
ACKSTAT                           00000006
ADCON0                            0000001F
ADCON1                            0000009F
ADCS0                             00000006
ADCS1                             00000007
ADDEN                             00000003
ADFM                              00000007
ADIE                              00000006
ADIF                              00000006
ADON                              00000000
ADRESH                            0000001E
ADRESL                            0000009E
ANS0                              00000000
ANS1                              00000001
ANS10                             00000002
ANS11                             00000003
ANS12                             00000004
ANS13                             00000005
ANS2                              00000002
ANS3                              00000003
ANS4                              00000004
ANS5                              00000005
ANS6                              00000006
ANS7                              00000007
ANS8                              00000000
ANS9                              00000001
ANSEL                             00000188
ANSELH                            00000189
A_IGUAL_B                         00000096
A_MAYOR_B                         00000092
A_MENOR_B                         0000008E
BAUDCTL                           00000187
BCLIE                             00000003
BCLIF                             00000003
BF                                00000000
BRG0                              00000000
BRG1                              00000001
BRG10                             00000002
BRG11                             00000003
BRG12                             00000004
BRG13                             00000005
BRG14                             00000006
BRG15                             00000007
BRG16                             00000003
BRG2                              00000002
BRG3                              00000003
BRG4                              00000004
BRG5                              00000005
BRG6                              00000006
MPASM  5.51                          NOSE.ASM   10-5-2013  19:54:45         PAGE  7


SYMBOL TABLE
  LABEL                             VALUE 

BRG7                              00000007
BRG8                              00000000
BRG9                              00000001
BRGH                              00000002
C                                 00000000
C1CH0                             00000000
C1CH1                             00000001
C1IE                              00000005
C1IF                              00000005
C1OE                              00000005
C1ON                              00000007
C1OUT                             00000006
C1POL                             00000004
C1R                               00000002
C1RSEL                            00000005
C1SEN                             00000005
C2CH0                             00000000
C2CH1                             00000001
C2IE                              00000006
C2IF                              00000006
C2OE                              00000005
C2ON                              00000007
C2OUT                             00000006
C2POL                             00000004
C2R                               00000002
C2REN                             00000004
C2RSEL                            00000004
C2SYNC                            00000000
CCP1CON                           00000017
CCP1IE                            00000002
CCP1IF                            00000002
CCP1M0                            00000000
CCP1M1                            00000001
CCP1M2                            00000002
CCP1M3                            00000003
CCP1X                             00000005
CCP1Y                             00000004
CCP2CON                           0000001D
CCP2IE                            00000000
CCP2IF                            00000000
CCP2M0                            00000000
CCP2M1                            00000001
CCP2M2                            00000002
CCP2M3                            00000003
CCP2X                             00000005
CCP2Y                             00000004
CCPR1                             00000015
CCPR1H                            00000016
CCPR1L                            00000015
CCPR2                             0000001B
CCPR2H                            0000001C
CCPR2L                            0000001B
CHS0                              00000002
MPASM  5.51                          NOSE.ASM   10-5-2013  19:54:45         PAGE  8


SYMBOL TABLE
  LABEL                             VALUE 

CHS1                              00000003
CHS2                              00000004
CHS3                              00000005
CICLO                             00000041
CKE                               00000006
CKP                               00000004
CM1CON0                           00000107
CM2CON0                           00000108
CM2CON1                           00000109
COM                               0000007A
COMPARA_TEMP                      00000086
CREN                              00000004
CSRC                              00000007
D                                 00000005
DATA_ADDRESS                      00000005
DATO                              00000070
DA_A                              00000071
DA_B                              00000072
DC                                00000001
DC1B0                             00000004
DC1B1                             00000005
DC2B0                             00000004
DC2B1                             00000005
D_A                               00000005
D_NOT_A                           00000005
ECCPAS                            0000009C
ECCPAS0                           00000004
ECCPAS1                           00000005
ECCPAS2                           00000006
ECCPASE                           00000007
EEADR                             0000010D
EEADRH                            0000010F
EECON1                            0000018C
EECON2                            0000018D
EEDAT                             0000010C
EEDATA                            0000010C
EEDATH                            0000010E
EEIE                              00000004
EEIF                              00000004
EEPGD                             00000007
F                                 00000001
FERR                              00000002
FSR                               00000004
FVREN                             00000000
GCEN                              00000007
GIE                               00000007
GO                                00000001
GO_DONE                           00000001
GO_NOT_DONE                       00000001
HTS                               00000002
I2C_DATA                          00000005
I2C_READ                          00000002
I2C_START                         00000003
MPASM  5.51                          NOSE.ASM   10-5-2013  19:54:45         PAGE  9


SYMBOL TABLE
  LABEL                             VALUE 

I2C_STOP                          00000004
INDF                              00000000
INICIO                            00000005
INTCON                            0000000B
INTE                              00000004
INTEDG                            00000006
INTE_TMR0                         0000004B
INTE_TMR1                         00000055
INTF                              00000001
IOCB                              00000096
IOCB0                             00000000
IOCB1                             00000001
IOCB2                             00000002
IOCB3                             00000003
IOCB4                             00000004
IOCB5                             00000005
IOCB6                             00000006
IOCB7                             00000007
IRCF0                             00000004
IRCF1                             00000005
IRCF2                             00000006
IRP                               00000007
LTS                               00000001
MC1OUT                            00000007
MC2OUT                            00000006
MENU_INT                          00000044
MSK                               00000093
MSK0                              00000000
MSK1                              00000001
MSK2                              00000002
MSK3                              00000003
MSK4                              00000004
MSK5                              00000005
MSK6                              00000006
MSK7                              00000007
NOT_A                             00000005
NOT_ADDRESS                       00000005
NOT_BO                            00000000
NOT_BOR                           00000000
NOT_DONE                          00000001
NOT_PD                            00000003
NOT_POR                           00000001
NOT_RBPU                          00000007
NOT_RC8                           00000006
NOT_T1SYNC                        00000002
NOT_TO                            00000004
NOT_TX8                           00000006
NOT_W                             00000002
NOT_WRITE                         00000002
OERR                              00000001
OPERA                             00000066
OPTION_REG                        00000081
OSCCON                            0000008F
MPASM  5.51                          NOSE.ASM   10-5-2013  19:54:45         PAGE 10


SYMBOL TABLE
  LABEL                             VALUE 

OSCTUNE                           00000090
OSFIE                             00000007
OSFIF                             00000007
OSTS                              00000003
P                                 00000004
P1M0                              00000006
P1M1                              00000007
PCL                               00000002
PCLATH                            0000000A
PCON                              0000008E
PDC0                              00000000
PDC1                              00000001
PDC2                              00000002
PDC3                              00000003
PDC4                              00000004
PDC5                              00000005
PDC6                              00000006
PEIE                              00000006
PEN                               00000002
PIE1                              0000008C
PIE2                              0000008D
PIR1                              0000000C
PIR2                              0000000D
PORTA                             00000005
PORTB                             00000006
PORTC                             00000007
PORTD                             00000008
PORTE                             00000009
PR2                               00000092
PRSEN                             00000007
PS0                               00000000
PS1                               00000001
PS2                               00000002
PSA                               00000003
PSSAC0                            00000002
PSSAC1                            00000003
PSSBD0                            00000000
PSSBD1                            00000001
PSTRCON                           0000009D
PULSR                             00000002
PULSS                             00000003
PWM1CON                           0000009B
R                                 00000002
RA0                               00000000
RA1                               00000001
RA2                               00000002
RA3                               00000003
RA4                               00000004
RA5                               00000005
RA6                               00000006
RA7                               00000007
RB0                               00000000
RB1                               00000001
MPASM  5.51                          NOSE.ASM   10-5-2013  19:54:45         PAGE 11


SYMBOL TABLE
  LABEL                             VALUE 

RB2                               00000002
RB3                               00000003
RB4                               00000004
RB5                               00000005
RB6                               00000006
RB7                               00000007
RBIE                              00000003
RBIF                              00000000
RC0                               00000000
RC1                               00000001
RC2                               00000002
RC3                               00000003
RC4                               00000004
RC5                               00000005
RC6                               00000006
RC7                               00000007
RC8_9                             00000006
RC9                               00000006
RCD8                              00000000
RCEN                              00000003
RCIDL                             00000006
RCIE                              00000005
RCIF                              00000005
RCREG                             0000001A
RCSTA                             00000018
RD                                00000000
RD0                               00000000
RD1                               00000001
RD2                               00000002
RD3                               00000003
RD4                               00000004
RD5                               00000005
RD6                               00000006
RD7                               00000007
RE0                               00000000
RE1                               00000001
RE2                               00000002
RE3                               00000003
READ_WRITE                        00000002
RESPALDO_1                        0000006F
RESPALDO_2                        00000073
RES_S                             0000007F
RES_W                             0000007E
RP0                               00000005
RP1                               00000006
RSEN                              00000001
RX9                               00000006
RX9D                              00000000
R_NOT_W                           00000002
R_W                               00000002
S                                 00000003
SBOREN                            00000004
SCKP                              00000004
MPASM  5.51                          NOSE.ASM   10-5-2013  19:54:45         PAGE 12


SYMBOL TABLE
  LABEL                             VALUE 

SCS                               00000000
SEN                               00000000
SENDB                             00000003
SINO                              0000007F
SI_                               00000078
SMP                               00000007
SPBRG                             00000099
SPBRGH                            0000009A
SPEN                              00000007
SR0                               00000006
SR1                               00000007
SRCON                             00000185
SREN                              00000005
SSPADD                            00000093
SSPBUF                            00000013
SSPCON                            00000014
SSPCON2                           00000091
SSPEN                             00000005
SSPIE                             00000003
SSPIF                             00000003
SSPM0                             00000000
SSPM1                             00000001
SSPM2                             00000002
SSPM3                             00000003
SSPMSK                            00000093
SSPOV                             00000006
SSPSTAT                           00000094
STATUS                            00000003
STRA                              00000000
STRB                              00000001
STRC                              00000002
STRD                              00000003
STRSYNC                           00000004
SWDTEN                            00000000
SYNC                              00000004
T0CS                              00000005
T0IE                              00000005
T0IF                              00000002
T0SE                              00000004
T1CKPS0                           00000004
T1CKPS1                           00000005
T1CON                             00000010
T1GINV                            00000007
T1GIV                             00000007
T1GSS                             00000001
T1INSYNC                          00000002
T1OSCEN                           00000003
T1SYNC                            00000002
T2CKPS0                           00000000
T2CKPS1                           00000001
T2CON                             00000012
TMR0                              00000001
TMR0IE                            00000005
MPASM  5.51                          NOSE.ASM   10-5-2013  19:54:45         PAGE 13


SYMBOL TABLE
  LABEL                             VALUE 

TMR0IF                            00000002
TMR1                              0000000E
TMR1CS                            00000001
TMR1GE                            00000006
TMR1H                             0000000F
TMR1IE                            00000000
TMR1IF                            00000000
TMR1L                             0000000E
TMR1ON                            00000000
TMR2                              00000011
TMR2IE                            00000001
TMR2IF                            00000001
TMR2ON                            00000002
TOUTPS0                           00000003
TOUTPS1                           00000004
TOUTPS2                           00000005
TOUTPS3                           00000006
TRISA                             00000085
TRISA0                            00000000
TRISA1                            00000001
TRISA2                            00000002
TRISA3                            00000003
TRISA4                            00000004
TRISA5                            00000005
TRISA6                            00000006
TRISA7                            00000007
TRISB                             00000086
TRISB0                            00000000
TRISB1                            00000001
TRISB2                            00000002
TRISB3                            00000003
TRISB4                            00000004
TRISB5                            00000005
TRISB6                            00000006
TRISB7                            00000007
TRISC                             00000087
TRISC0                            00000000
TRISC1                            00000001
TRISC2                            00000002
TRISC3                            00000003
TRISC4                            00000004
TRISC5                            00000005
TRISC6                            00000006
TRISC7                            00000007
TRISD                             00000088
TRISD0                            00000000
TRISD1                            00000001
TRISD2                            00000002
TRISD3                            00000003
TRISD4                            00000004
TRISD5                            00000005
TRISD6                            00000006
TRISD7                            00000007
MPASM  5.51                          NOSE.ASM   10-5-2013  19:54:45         PAGE 14


SYMBOL TABLE
  LABEL                             VALUE 

TRISE                             00000089
TRISE0                            00000000
TRISE1                            00000001
TRISE2                            00000002
TRISE3                            00000003
TRMT                              00000001
TUN0                              00000000
TUN1                              00000001
TUN2                              00000002
TUN3                              00000003
TUN4                              00000004
TX8_9                             00000006
TX9                               00000006
TX9D                              00000000
TXD8                              00000000
TXEN                              00000005
TXIE                              00000004
TXIF                              00000004
TXREG                             00000019
TXSTA                             00000098
UA                                00000001
ULPWUE                            00000005
ULPWUIE                           00000002
ULPWUIF                           00000002
VCFG0                             00000004
VCFG1                             00000005
VR0                               00000000
VR1                               00000001
VR2                               00000002
VR3                               00000003
VRCON                             00000097
VREN                              00000007
VROE                              00000006
VRR                               00000005
VRSS                              00000004
W                                 00000000
WCOL                              00000007
WDTCON                            00000105
WDTPS0                            00000001
WDTPS1                            00000002
WDTPS2                            00000003
WDTPS3                            00000004
WPUB                              00000095
WPUB0                             00000000
WPUB1                             00000001
WPUB2                             00000002
WPUB3                             00000003
WPUB4                             00000004
WPUB5                             00000005
WPUB6                             00000006
WPUB7                             00000007
WR                                00000001
WREN                              00000002
MPASM  5.51                          NOSE.ASM   10-5-2013  19:54:45         PAGE 15


SYMBOL TABLE
  LABEL                             VALUE 

WRERR                             00000003
WUE                               00000001
X                                 00000073
Z                                 00000002
_BOR21V                           00003EFF
_BOR40V                           00003FFF
_BOR4V_BOR21V                     00003EFF
_BOR4V_BOR40V                     00003FFF
_BOREN_NSLEEP                     00003EFF
_BOREN_OFF                        00003CFF
_BOREN_ON                         00003FFF
_BOREN_SBODEN                     00003DFF
_BOR_NSLEEP                       00003EFF
_BOR_OFF                          00003CFF
_BOR_ON                           00003FFF
_BOR_SBODEN                       00003DFF
_CONFIG1                          00002007
_CONFIG2                          00002008
_CPD_OFF                          00003FFF
_CPD_ON                           00003F7F
_CP_OFF                           00003FFF
_CP_ON                            00003FBF
_DEBUG_OFF                        00003FFF
_DEBUG_ON                         00001FFF
_DEVID1                           00002006
_EC_OSC                           00003FFB
_EXTRC                            00003FFF
_EXTRCIO                          00003FFE
_EXTRC_OSC_CLKOUT                 00003FFF
_EXTRC_OSC_NOCLKOUT               00003FFE
_FCMEN_OFF                        000037FF
_FCMEN_ON                         00003FFF
_FOSC_EC                          00003FFB
_FOSC_EXTRC_CLKOUT                00003FFF
_FOSC_EXTRC_NOCLKOUT              00003FFE
_FOSC_HS                          00003FFA
_FOSC_INTRC_CLKOUT                00003FFD
_FOSC_INTRC_NOCLKOUT              00003FFC
_FOSC_LP                          00003FF8
_FOSC_XT                          00003FF9
_HS_OSC                           00003FFA
_IDLOC0                           00002000
_IDLOC1                           00002001
_IDLOC2                           00002002
_IDLOC3                           00002003
_IESO_OFF                         00003BFF
_IESO_ON                          00003FFF
_INTOSC                           00003FFD
_INTOSCIO                         00003FFC
_INTRC_OSC_CLKOUT                 00003FFD
_INTRC_OSC_NOCLKOUT               00003FFC
_LP_OSC                           00003FF8
_LVP_OFF                          00002FFF
MPASM  5.51                          NOSE.ASM   10-5-2013  19:54:45         PAGE 16


SYMBOL TABLE
  LABEL                             VALUE 

_LVP_ON                           00003FFF
_MCLRE_OFF                        00003FDF
_MCLRE_ON                         00003FFF
_PWRTE_OFF                        00003FFF
_PWRTE_ON                         00003FEF
_WDTE_OFF                         00003FF7
_WDTE_ON                          00003FFF
_WDT_OFF                          00003FF7
_WDT_ON                           00003FFF
_WRT_1FOURTH                      00003BFF
_WRT_256                          00003DFF
_WRT_HALF                         000039FF
_WRT_OFF                          00003FFF
_XT_OSC                           00003FF9
__16F887                          00000001
__DEBUG                           1
cont_m                            00000078
count                             00000079


MEMORY USAGE MAP ('X' = Used,  '-' = Unused)

0000 : X---XXXXXXXXXXXX XXXXXXXXXXXXXXXX XXXXXXXXXXXXXXXX XXXXXXXXXXXXXXXX
0040 : XXXXXXXXXXXXXXXX XXXXXXXXXXXXXXXX XXXXXXXXXXXXXXXX XXXXXXXXXXXXXXXX
0080 : XXXXXXXXXXXXXXXX XXXXXXXXXX------ ---------------- ----------------

All other memory blocks unused.

Program Memory Words Used:   151
Program Memory Words Free:  8041


Errors   :     0
Warnings :     0 reported,     0 suppressed
Messages :    10 reported,     0 suppressed

