MPASM  5.51               PRUEBA_TEMP_LED.ASM   9-12-2013  16:29:03         PAGE  1


LOC  OBJECT CODE     LINE SOURCE TEXT
  VALUE

                      00001 ;---------------Encabezado-------------
                      00002         
Warning[215]: Processor superseded by command line.  Verify processor symbol.
                      00003                 PROCESSOR 16F84
                      00004           include       P16F84.INC
                      00001         LIST
                      00002 
                      00003 ;==========================================================================
                      00004 ;  MPASM PIC16F84 processor include
                      00005 ; 
                      00006 ;  (c) Copyright 1999-2013 Microchip Technology, All rights reserved
                      00007 ;==========================================================================
                      00008 
Message[301]: MESSAGE: (Processor-header file mismatch.  Verify selected processor.)
                      00206         LIST
                      00005 
                      00006 ;-------Configuración de puertos-------
                      00007 
0000                  00008         ORG     0x00
0000   280C           00009         GOTO    inicio
                      00010 
0004                  00011         ORG     0X04            ; Atiendo la interrupción
0004   1C06           00012         BTFSS   PORTB,0         ; si el LED está apagado
0005   2809           00013         GOTO    LED             ; voy a LED y lo enciendo
0006   1006           00014         BCF     PORTB,0         ; sino apago el LED
0007   110B           00015         BCF     INTCON,2                ; limpio la bandera T0IF
0008   0009           00016         RETFIE                  ; regreso habilitando la interrupción
0009   1406           00017 LED     BSF     PORTB,0         ; enciendo el LED
000A   110B           00018         BCF     INTCON,2                ; borro la bandera T0IF
000B   0009           00019         RETFIE                  ; regreso habilitando la interrupción
                      00020 
000C   1683           00021 inicio  BSF     STATUS,5                  ; configurando puertos
Message[302]: Register in operand not in bank 0.  Ensure that bank bits are correct.
000D   0186           00022         CLRF    TRISB                   ; puerto B es salida
000E   3007           00023         MOVLW   0x07            ; cargo w con 00000111
Message[302]: Register in operand not in bank 0.  Ensure that bank bits are correct.
000F   0081           00024         MOVWF   OPTION_REG      ; el Divisor = 256
0010   1283           00025         BCF     STATUS,5
                      00026 
0011   30A0           00027         MOVLW   0XA0            ; cargo w con 10100000
0012   008B           00028         MOVWF   INTCON          ; habilitamos GIE y T0IE
0013   0186           00029         CLRF    PORTB           ; limpiamos PORTB
                      00030 
                      00031         
0014                  00032 tiempo
0014   30FC           00033         MOVLW   0XFC            ; cargo w con 252
0015   0081           00034         MOVWF   TMR0            ; lo paso a TMR0
0016   1B81           00035 NADA    BTFSC   TMR0,7          ; me quedo haciendo nada
0017   2816           00036         GOTO    NADA            ; hasta que TMR0 desborde, y entonces
0018   2814           00037         GOTO    tiempo  ; volveré a cargar TMR0
                      00038 
                      00039 ;------------------------------------------
                      00040         END
MPASM  5.51               PRUEBA_TEMP_LED.ASM   9-12-2013  16:29:03         PAGE  2


SYMBOL TABLE
  LABEL                             VALUE 

C                                 00000000
DC                                00000001
EEADR                             00000009
EECON1                            00000088
EECON2                            00000089
EEDATA                            00000008
EEIE                              00000006
EEIF                              00000004
F                                 00000001
FSR                               00000004
GIE                               00000007
INDF                              00000000
INTCON                            0000000B
INTE                              00000004
INTEDG                            00000006
INTF                              00000001
IRP                               00000007
LED                               00000009
NADA                              00000016
NOT_PD                            00000003
NOT_RBPU                          00000007
NOT_TO                            00000004
OPTION_REG                        00000081
PCL                               00000002
PCLATH                            0000000A
PORTA                             00000005
PORTB                             00000006
PS0                               00000000
PS1                               00000001
PS2                               00000002
PSA                               00000003
RA0                               00000000
RA1                               00000001
RA2                               00000002
RA3                               00000003
RA4                               00000004
RB0                               00000000
RB1                               00000001
RB2                               00000002
RB3                               00000003
RB4                               00000004
RB5                               00000005
RB6                               00000006
RB7                               00000007
RBIE                              00000003
RBIF                              00000000
RD                                00000000
RP0                               00000005
RP1                               00000006
STATUS                            00000003
T0CS                              00000005
T0IE                              00000005
T0IF                              00000002
MPASM  5.51               PRUEBA_TEMP_LED.ASM   9-12-2013  16:29:03         PAGE  3


SYMBOL TABLE
  LABEL                             VALUE 

T0SE                              00000004
TMR0                              00000001
TMR0IE                            00000005
TMR0IF                            00000002
TRISA                             00000085
TRISA0                            00000000
TRISA1                            00000001
TRISA2                            00000002
TRISA3                            00000003
TRISA4                            00000004
TRISB                             00000086
TRISB0                            00000000
TRISB1                            00000001
TRISB2                            00000002
TRISB3                            00000003
TRISB4                            00000004
TRISB5                            00000005
TRISB6                            00000006
TRISB7                            00000007
W                                 00000000
WR                                00000001
WREN                              00000002
WRERR                             00000003
Z                                 00000002
_CONFIG                           00002007
_CP_OFF                           00003FFF
_CP_ON                            0000000F
_FOSC_EXTRC                       00003FFF
_FOSC_HS                          00003FFE
_FOSC_LP                          00003FFC
_FOSC_XT                          00003FFD
_HS_OSC                           00003FFE
_IDLOC0                           00002000
_IDLOC1                           00002001
_IDLOC2                           00002002
_IDLOC3                           00002003
_LP_OSC                           00003FFC
_PWRTE_OFF                        00003FFF
_PWRTE_ON                         00003FF7
_RC_OSC                           00003FFF
_WDTE_OFF                         00003FFB
_WDTE_ON                          00003FFF
_WDT_OFF                          00003FFB
_WDT_ON                           00003FFF
_XT_OSC                           00003FFD
__16F887                          00000001
__DEBUG                           1
inicio                            0000000C
tiempo                            00000014
MPASM  5.51               PRUEBA_TEMP_LED.ASM   9-12-2013  16:29:03         PAGE  4


MEMORY USAGE MAP ('X' = Used,  '-' = Unused)


0000 : X---XXXXXXXXXXXX XXXXXXXXX------- ---------------- ----------------

All other memory blocks unused.

Program Memory Words Used:    22
Program Memory Words Free:  8170


Errors   :     0
Warnings :     1 reported,     0 suppressed
Messages :     3 reported,     0 suppressed

